  main.cpp
C:\Users\Compu Tech\source\repos\pac-man\first_game\main.cpp(701): warning C4715: 'isEmptyPlace': not all control paths return a value
main.obj : error LNK2019: unresolved external symbol "__declspec(dllimport) public: __thiscall sf::String::String(char const *,class std::locale const &)" (__imp_??0String@sf@@QAE@PBDABVlocale@std@@@Z) referenced in function _main
Menu.obj : error LNK2001: unresolved external symbol "__declspec(dllimport) public: __thiscall sf::String::String(char const *,class std::locale const &)" (__imp_??0String@sf@@QAE@PBDABVlocale@std@@@Z)
main.obj : error LNK2019: unresolved external symbol "__declspec(dllimport) public: __thiscall sf::String::~String(void)" (__imp_??1String@sf@@QAE@XZ) referenced in function _main
Menu.obj : error LNK2001: unresolved external symbol "__declspec(dllimport) public: __thiscall sf::String::~String(void)" (__imp_??1String@sf@@QAE@XZ)
main.obj : error LNK2019: unresolved external symbol "__declspec(dllimport) public: static bool __cdecl sf::Keyboard::isKeyPressed(enum sf::Keyboard::Key)" (__imp_?isKeyPressed@Keyboard@sf@@SA_NW4Key@12@@Z) referenced in function "void __cdecl gamePlayPage(class sf::RenderWindow &)" (?gamePlayPage@@YAXAAVRenderWindow@sf@@@Z)
main.obj : error LNK2019: unresolved external symbol "__declspec(dllimport) public: static bool __cdecl sf::Mouse::isButtonPressed(enum sf::Mouse::Button)" (__imp_?isButtonPressed@Mouse@sf@@SA_NW4Button@12@@Z) referenced in function "void __cdecl gamePlayPage(class sf::RenderWindow &)" (?gamePlayPage@@YAXAAVRenderWindow@sf@@@Z)
main.obj : error LNK2019: unresolved external symbol "__declspec(dllimport) public: static class sf::Vector2<int> __cdecl sf::Mouse::getPosition(class sf::WindowBase const &)" (__imp_?getPosition@Mouse@sf@@SA?AV?$Vector2@H@2@ABVWindowBase@2@@Z) referenced in function "void __cdecl gamePlayPage(class sf::RenderWindow &)" (?gamePlayPage@@YAXAAVRenderWindow@sf@@@Z)
main.obj : error LNK2019: unresolved external symbol "__declspec(dllimport) public: __thiscall sf::VideoMode::VideoMode(unsigned int,unsigned int,unsigned int)" (__imp_??0VideoMode@sf@@QAE@III@Z) referenced in function _main
main.obj : error LNK2019: unresolved external symbol "__declspec(dllimport) public: bool __thiscall sf::WindowBase::isOpen(void)const " (__imp_?isOpen@WindowBase@sf@@QBE_NXZ) referenced in function "void __cdecl gamePlayPage(class sf::RenderWindow &)" (?gamePlayPage@@YAXAAVRenderWindow@sf@@@Z)
main.obj : error LNK2019: unresolved external symbol "__declspec(dllimport) public: bool __thiscall sf::WindowBase::pollEvent(class sf::Event &)" (__imp_?pollEvent@WindowBase@sf@@QAE_NAAVEvent@2@@Z) referenced in function "void __cdecl gamePlayPage(class sf::RenderWindow &)" (?gamePlayPage@@YAXAAVRenderWindow@sf@@@Z)
main.obj : error LNK2019: unresolved external symbol "__declspec(dllimport) public: virtual void __thiscall sf::Window::close(void)" (__imp_?close@Window@sf@@UAEXXZ) referenced in function _main
main.obj : error LNK2019: unresolved external symbol "__declspec(dllimport) public: void __thiscall sf::Window::setFramerateLimit(unsigned int)" (__imp_?setFramerateLimit@Window@sf@@QAEXI@Z) referenced in function _main
main.obj : error LNK2019: unresolved external symbol "__declspec(dllimport) public: void __thiscall sf::Window::display(void)" (__imp_?display@Window@sf@@QAEXXZ) referenced in function "void __cdecl gamePlayPage(class sf::RenderWindow &)" (?gamePlayPage@@YAXAAVRenderWindow@sf@@@Z)
main.obj : error LNK2019: unresolved external symbol "__declspec(dllimport) public: void __thiscall sf::Transformable::setPosition(float,float)" (__imp_?setPosition@Transformable@sf@@QAEXMM@Z) referenced in function "void __cdecl drawCollision(class sf::RectangleShape &,float,float,float,float)" (?drawCollision@@YAXAAVRectangleShape@sf@@MMMM@Z)
main.obj : error LNK2019: unresolved external symbol "__declspec(dllimport) public: void __thiscall sf::Transformable::setScale(float,float)" (__imp_?setScale@Transformable@sf@@QAEXMM@Z) referenced in function "void __cdecl gamePlayPage(class sf::RenderWindow &)" (?gamePlayPage@@YAXAAVRenderWindow@sf@@@Z)
main.obj : error LNK2019: unresolved external symbol "__declspec(dllimport) public: class sf::Vector2<float> const & __thiscall sf::Transformable::getPosition(void)const " (__imp_?getPosition@Transformable@sf@@QBEABV?$Vector2@M@2@XZ) referenced in function "void __cdecl drawCollision2(class sf::RectangleShape,struct Player &,char)" (?drawCollision2@@YAXVRectangleShape@sf@@AAUPlayer@@D@Z)
main.obj : error LNK2019: unresolved external symbol "__declspec(dllimport) public: __thiscall sf::Color::Color(unsigned char,unsigned char,unsigned char,unsigned char)" (__imp_??0Color@sf@@QAE@EEEE@Z) referenced in function "void __cdecl gamePlayPage(class sf::RenderWindow &)" (?gamePlayPage@@YAXAAVRenderWindow@sf@@@Z)
Menu.obj : error LNK2001: unresolved external symbol "__declspec(dllimport) public: __thiscall sf::Color::Color(unsigned char,unsigned char,unsigned char,unsigned char)" (__imp_??0Color@sf@@QAE@EEEE@Z)
main.obj : error LNK2019: unresolved external symbol "__declspec(dllimport) public: class sf::Rect<float> __thiscall sf::Shape::getGlobalBounds(void)const " (__imp_?getGlobalBounds@Shape@sf@@QBE?AV?$Rect@M@2@XZ) referenced in function "void __cdecl gamePlayPage(class sf::RenderWindow &)" (?gamePlayPage@@YAXAAVRenderWindow@sf@@@Z)
main.obj : error LNK2019: unresolved external symbol "__declspec(dllimport) public: __thiscall sf::Texture::Texture(void)" (__imp_??0Texture@sf@@QAE@XZ) referenced in function "void __cdecl gamePlayPage(class sf::RenderWindow &)" (?gamePlayPage@@YAXAAVRenderWindow@sf@@@Z)
main.obj : error LNK2019: unresolved external symbol "__declspec(dllimport) public: __thiscall sf::Texture::~Texture(void)" (__imp_??1Texture@sf@@QAE@XZ) referenced in function "void __cdecl gamePlayPage(class sf::RenderWindow &)" (?gamePlayPage@@YAXAAVRenderWindow@sf@@@Z)
main.obj : error LNK2019: unresolved external symbol "__declspec(dllimport) public: bool __thiscall sf::Texture::loadFromFile(class std::basic_string<char,struct std::char_traits<char>,class std::allocator<char> > const &,class sf::Rect<int> const &)" (__imp_?loadFromFile@Texture@sf@@QAE_NABV?$basic_string@DU?$char_traits@D@std@@V?$allocator@D@2@@std@@ABV?$Rect@H@2@@Z) referenced in function "void __cdecl gamePlayPage(class sf::RenderWindow &)" (?gamePlayPage@@YAXAAVRenderWindow@sf@@@Z)
main.obj : error LNK2019: unresolved external symbol "__declspec(dllimport) public: void __thiscall sf::RectangleShape::setSize(class sf::Vector2<float> const &)" (__imp_?setSize@RectangleShape@sf@@QAEXABV?$Vector2@M@2@@Z) referenced in function "void __cdecl drawCollision(class sf::RectangleShape &,float,float,float,float)" (?drawCollision@@YAXAAVRectangleShape@sf@@MMMM@Z)
main.obj : error LNK2019: unresolved external symbol "__declspec(dllimport) public: class sf::Vector2<float> const & __thiscall sf::RectangleShape::getSize(void)const " (__imp_?getSize@RectangleShape@sf@@QBEABV?$Vector2@M@2@XZ) referenced in function "void __cdecl drawCollision2(class sf::RectangleShape,struct Player &,char)" (?drawCollision2@@YAXVRectangleShape@sf@@AAUPlayer@@D@Z)
main.obj : error LNK2019: unresolved external symbol "__declspec(dllimport) public: virtual __thiscall sf::RectangleShape::~RectangleShape(void)" (__imp_??1RectangleShape@sf@@UAE@XZ) referenced in function "void __cdecl drawCollision2(class sf::RectangleShape,struct Player &,char)" (?drawCollision2@@YAXVRectangleShape@sf@@AAUPlayer@@D@Z)
main.obj : error LNK2019: unresolved external symbol "__declspec(dllimport) public: __thiscall sf::RectangleShape::RectangleShape(class sf::RectangleShape const &)" (__imp_??0RectangleShape@sf@@QAE@ABV01@@Z) referenced in function "void __cdecl gamePlayPage(class sf::RenderWindow &)" (?gamePlayPage@@YAXAAVRenderWindow@sf@@@Z)
main.obj : error LNK2019: unresolved external symbol "__declspec(dllimport) public: void __thiscall sf::RectangleShape::`default constructor closure'(void)" (__imp_??_FRectangleShape@sf@@QAEXXZ) referenced in function "void __cdecl gamePlayPage(class sf::RenderWindow &)" (?gamePlayPage@@YAXAAVRenderWindow@sf@@@Z)
main.obj : error LNK2019: unresolved external symbol "__declspec(dllimport) public: void __thiscall sf::RenderTarget::clear(class sf::Color const &)" (__imp_?clear@RenderTarget@sf@@QAEXABVColor@2@@Z) referenced in function "void __cdecl gamePlayPage(class sf::RenderWindow &)" (?gamePlayPage@@YAXAAVRenderWindow@sf@@@Z)
main.obj : error LNK2019: unresolved external symbol "__declspec(dllimport) public: void __thiscall sf::RenderTarget::draw(class sf::Drawable const &,class sf::RenderStates const &)" (__imp_?draw@RenderTarget@sf@@QAEXABVDrawable@2@ABVRenderStates@2@@Z) referenced in function "void __cdecl gamePlayPage(class sf::RenderWindow &)" (?gamePlayPage@@YAXAAVRenderWindow@sf@@@Z)
Menu.obj : error LNK2001: unresolved external symbol "__declspec(dllimport) public: void __thiscall sf::RenderTarget::draw(class sf::Drawable const &,class sf::RenderStates const &)" (__imp_?draw@RenderTarget@sf@@QAEXABVDrawable@2@ABVRenderStates@2@@Z)
main.obj : error LNK2019: unresolved external symbol "__declspec(dllimport) public: __thiscall sf::RenderWindow::RenderWindow(class sf::VideoMode,class sf::String const &,unsigned int,struct sf::ContextSettings const &)" (__imp_??0RenderWindow@sf@@QAE@VVideoMode@1@ABVString@1@IABUContextSettings@1@@Z) referenced in function _main
main.obj : error LNK2019: unresolved external symbol "__declspec(dllimport) public: virtual __thiscall sf::RenderWindow::~RenderWindow(void)" (__imp_??1RenderWindow@sf@@UAE@XZ) referenced in function _main
main.obj : error LNK2019: unresolved external symbol "__declspec(dllimport) public: __thiscall sf::Sprite::Sprite(void)" (__imp_??0Sprite@sf@@QAE@XZ) referenced in function "public: __thiscall Player::Player(void)" (??0Player@@QAE@XZ)
main.obj : error LNK2019: unresolved external symbol "__declspec(dllimport) public: void __thiscall sf::Sprite::setTexture(class sf::Texture const &,bool)" (__imp_?setTexture@Sprite@sf@@QAEXABVTexture@2@_N@Z) referenced in function "void __cdecl drawPoints(class sf::Sprite * const,class sf::Texture &)" (?drawPoints@@YAXQAVSprite@sf@@AAVTexture@2@@Z)
main.obj : error LNK2019: unresolved external symbol "__declspec(dllimport) public: void __thiscall sf::Sprite::setTextureRect(class sf::Rect<int> const &)" (__imp_?setTextureRect@Sprite@sf@@QAEXABV?$Rect@H@2@@Z) referenced in function "public: void __thiscall Player::sp(class sf::Texture &)" (?sp@Player@@QAEXAAVTexture@sf@@@Z)
main.obj : error LNK2019: unresolved external symbol "__declspec(dllimport) public: class sf::Rect<float> __thiscall sf::Sprite::getGlobalBounds(void)const " (__imp_?getGlobalBounds@Sprite@sf@@QBE?AV?$Rect@M@2@XZ) referenced in function "void __cdecl gamePlayPage(class sf::RenderWindow &)" (?gamePlayPage@@YAXAAVRenderWindow@sf@@@Z)
main.obj : error LNK2019: unresolved external symbol "__declspec(dllimport) public: virtual __thiscall sf::Sprite::~Sprite(void)" (__imp_??1Sprite@sf@@UAE@XZ) referenced in function __unwindfunclet$??0Player@@QAE@XZ$0
main.obj : error LNK2019: unresolved external symbol "__declspec(dllimport) public: static class sf::RenderStates const sf::RenderStates::Default" (__imp_?Default@RenderStates@sf@@2V12@B) referenced in function "void __cdecl gamePlayPage(class sf::RenderWindow &)" (?gamePlayPage@@YAXAAVRenderWindow@sf@@@Z)
Menu.obj : error LNK2001: unresolved external symbol "__declspec(dllimport) public: static class sf::RenderStates const sf::RenderStates::Default" (__imp_?Default@RenderStates@sf@@2V12@B)
Menu.obj : error LNK2019: unresolved external symbol "__declspec(dllimport) public: void __thiscall sf::Transformable::setPosition(class sf::Vector2<float> const &)" (__imp_?setPosition@Transformable@sf@@QAEXABV?$Vector2@M@2@@Z) referenced in function "public: __thiscall Menu::Menu(float,float)" (??0Menu@@QAE@MM@Z)
Menu.obj : error LNK2019: unresolved external symbol "__declspec(dllimport) public: __thiscall sf::Font::Font(void)" (__imp_??0Font@sf@@QAE@XZ) referenced in function "public: __thiscall Menu::Menu(float,float)" (??0Menu@@QAE@MM@Z)
Menu.obj : error LNK2019: unresolved external symbol "__declspec(dllimport) public: __thiscall sf::Font::~Font(void)" (__imp_??1Font@sf@@QAE@XZ) referenced in function __unwindfunclet$??0Menu@@QAE@MM@Z$0
Menu.obj : error LNK2019: unresolved external symbol "__declspec(dllimport) public: bool __thiscall sf::Font::loadFromFile(class std::basic_string<char,struct std::char_traits<char>,class std::allocator<char> > const &)" (__imp_?loadFromFile@Font@sf@@QAE_NABV?$basic_string@DU?$char_traits@D@std@@V?$allocator@D@2@@std@@@Z) referenced in function "public: __thiscall Menu::Menu(float,float)" (??0Menu@@QAE@MM@Z)
Menu.obj : error LNK2019: unresolved external symbol "__declspec(dllimport) public: __thiscall sf::Text::Text(void)" (__imp_??0Text@sf@@QAE@XZ) referenced in function "public: __thiscall Menu::Menu(float,float)" (??0Menu@@QAE@MM@Z)
Menu.obj : error LNK2019: unresolved external symbol "__declspec(dllimport) public: void __thiscall sf::Text::setString(class sf::String const &)" (__imp_?setString@Text@sf@@QAEXABVString@2@@Z) referenced in function "public: __thiscall Menu::Menu(float,float)" (??0Menu@@QAE@MM@Z)
Menu.obj : error LNK2019: unresolved external symbol "__declspec(dllimport) public: void __thiscall sf::Text::setFont(class sf::Font const &)" (__imp_?setFont@Text@sf@@QAEXABVFont@2@@Z) referenced in function "public: __thiscall Menu::Menu(float,float)" (??0Menu@@QAE@MM@Z)
Menu.obj : error LNK2019: unresolved external symbol "__declspec(dllimport) public: void __thiscall sf::Text::setCharacterSize(unsigned int)" (__imp_?setCharacterSize@Text@sf@@QAEXI@Z) referenced in function "public: __thiscall Menu::Menu(float,float)" (??0Menu@@QAE@MM@Z)
Menu.obj : error LNK2019: unresolved external symbol "__declspec(dllimport) public: void __thiscall sf::Text::setFillColor(class sf::Color const &)" (__imp_?setFillColor@Text@sf@@QAEXABVColor@2@@Z) referenced in function "public: __thiscall Menu::Menu(float,float)" (??0Menu@@QAE@MM@Z)
Menu.obj : error LNK2019: unresolved external symbol "__declspec(dllimport) public: virtual __thiscall sf::Text::~Text(void)" (__imp_??1Text@sf@@UAE@XZ) referenced in function "public: __thiscall Menu::Menu(float,float)" (??0Menu@@QAE@MM@Z)
Menu.obj : error LNK2019: unresolved external symbol "__declspec(dllimport) public: static class sf::Color const sf::Color::White" (__imp_?White@Color@sf@@2V12@B) referenced in function "public: __thiscall Menu::Menu(float,float)" (??0Menu@@QAE@MM@Z)
C:\SFML\SFML-2.6.1\lib\sfml-graphics-d.lib : warning LNK4272: library machine type 'x64' conflicts with target machine type 'x86'
C:\SFML\SFML-2.6.1\lib\sfml-window-d.lib : warning LNK4272: library machine type 'x64' conflicts with target machine type 'x86'
C:\SFML\SFML-2.6.1\lib\sfml-system-d.lib : warning LNK4272: library machine type 'x64' conflicts with target machine type 'x86'
C:\SFML\SFML-2.6.1\lib\sfml-audio-d.lib : warning LNK4272: library machine type 'x64' conflicts with target machine type 'x86'
C:\SFML\SFML-2.6.1\lib\sfml-network-d.lib : warning LNK4272: library machine type 'x64' conflicts with target machine type 'x86'
C:\Users\Compu Tech\source\repos\pac-man\Debug\first_game.exe : fatal error LNK1120: 45 unresolved externals
