c:\users\compu tech\source\repos\pac-man\first_game\x64\debug\vc143.pdb
c:\users\compu tech\source\repos\pac-man\first_game\x64\debug\vc143.idb
c:\users\compu tech\source\repos\pac-man\first_game\x64\debug\player.obj
c:\users\compu tech\source\repos\pac-man\first_game\x64\debug\menu.obj
c:\users\compu tech\source\repos\pac-man\first_game\x64\debug\maze.obj
c:\users\compu tech\source\repos\pac-man\first_game\x64\debug\main.obj
c:\users\compu tech\source\repos\pac-man\first_game\x64\debug\first_game.res
c:\users\compu tech\source\repos\pac-man\x64\debug\first_game.pdb
c:\users\compu tech\source\repos\pac-man\first_game\x64\debug\first_game.tlog\cl.command.1.tlog
c:\users\compu tech\source\repos\pac-man\first_game\x64\debug\first_game.tlog\cl.read.1.tlog
c:\users\compu tech\source\repos\pac-man\first_game\x64\debug\first_game.tlog\cl.write.1.tlog
c:\users\compu tech\source\repos\pac-man\first_game\x64\debug\first_game.tlog\link-cvtres.read.1.tlog
c:\users\compu tech\source\repos\pac-man\first_game\x64\debug\first_game.tlog\link-cvtres.write.1.tlog
c:\users\compu tech\source\repos\pac-man\first_game\x64\debug\first_game.tlog\link-rc.read.1.tlog
c:\users\compu tech\source\repos\pac-man\first_game\x64\debug\first_game.tlog\link-rc.write.1.tlog
c:\users\compu tech\source\repos\pac-man\first_game\x64\debug\first_game.tlog\link.command.1.tlog
c:\users\compu tech\source\repos\pac-man\first_game\x64\debug\first_game.tlog\link.read.1.tlog
c:\users\compu tech\source\repos\pac-man\first_game\x64\debug\first_game.tlog\link.read.2.tlog
c:\users\compu tech\source\repos\pac-man\first_game\x64\debug\first_game.tlog\link.write.1.tlog
c:\users\compu tech\source\repos\pac-man\first_game\x64\debug\first_game.tlog\rc.command.1.tlog
c:\users\compu tech\source\repos\pac-man\first_game\x64\debug\first_game.tlog\rc.read.1.tlog
c:\users\compu tech\source\repos\pac-man\first_game\x64\debug\first_game.tlog\rc.write.1.tlog
